<?xml version="1.0" encoding="UTF-8"?>
<testsuite name="com.cmms11.inventory.InventoryServiceTest" tests="7" skipped="0" failures="0" errors="0" timestamp="2025-09-20T11:37:55.335Z" hostname="BOOK-87K1SFE0DT" time="0.12">
  <properties/>
  <testcase name="getThrowsWhenInventoryMissing()" classname="com.cmms11.inventory.InventoryServiceTest" time="0.013"/>
  <testcase name="createReactivatesSoftDeletedInventory()" classname="com.cmms11.inventory.InventoryServiceTest" time="0.007"/>
  <testcase name="updateModifiesExistingInventory()" classname="com.cmms11.inventory.InventoryServiceTest" time="0.032"/>
  <testcase name="deleteMarksInventoryAsDeleted()" classname="com.cmms11.inventory.InventoryServiceTest" time="0.01"/>
  <testcase name="createThrowsWhenInventoryAlreadyExists()" classname="com.cmms11.inventory.InventoryServiceTest" time="0.008"/>
  <testcase name="listReturnsActiveInventoriesMatchingKeyword()" classname="com.cmms11.inventory.InventoryServiceTest" time="0.036"/>
  <testcase name="createWithoutIdGeneratesNewInventoryNumber()" classname="com.cmms11.inventory.InventoryServiceTest" time="0.007"/>
  <system-out><![CDATA[2025-09-20T20:37:54.385+09:00  INFO 8468 --- [    Test worker] t.c.s.AnnotationConfigContextLoaderUtils : Could not detect default configuration classes for test class [com.cmms11.inventory.InventoryServiceTest]: InventoryServiceTest does not declare any static, non-private, non-final, nested classes annotated with @Configuration.
2025-09-20T20:37:54.416+09:00  INFO 8468 --- [    Test worker] .b.t.c.SpringBootTestContextBootstrapper : Found @SpringBootConfiguration com.cmms11.Cmms11Application for test class com.cmms11.inventory.InventoryServiceTest

  .   ____          _            __ _ _
 /\\ / ___'_ __ _ _(_)_ __  __ _ \ \ \ \
( ( )\___ | '_ | '_| | '_ \/ _` | \ \ \ \
 \\/  ___)| |_)| | | | | || (_| |  ) ) ) )
  '  |____| .__|_| |_|_| |_\__, | / / / /
 =========|_|==============|___/=/_/_/_/

 :: Spring Boot ::                (v3.3.4)

2025-09-20T20:37:54.451+09:00  INFO 8468 --- [    Test worker] c.cmms11.inventory.InventoryServiceTest  : Starting InventoryServiceTest using Java 21.0.8 with PID 8468 (started by polkn in C:\Users\polkn\codex\cmms11)
2025-09-20T20:37:54.452+09:00  INFO 8468 --- [    Test worker] c.cmms11.inventory.InventoryServiceTest  : No active profile set, falling back to 1 default profile: "default"
2025-09-20T20:37:54.610+09:00  INFO 8468 --- [    Test worker] .s.d.r.c.RepositoryConfigurationDelegate : Bootstrapping Spring Data JPA repositories in DEFAULT mode.
2025-09-20T20:37:54.680+09:00  INFO 8468 --- [    Test worker] .s.d.r.c.RepositoryConfigurationDelegate : Finished Spring Data repository scanning in 68 ms. Found 17 JPA repository interfaces.
2025-09-20T20:37:54.697+09:00  INFO 8468 --- [    Test worker] beddedDataSourceBeanFactoryPostProcessor : Replacing 'dataSource' DataSource bean with embedded version
2025-09-20T20:37:54.716+09:00  INFO 8468 --- [    Test worker] o.s.j.d.e.EmbeddedDatabaseFactory        : Starting embedded database: url='jdbc:h2:mem:4c60f613-9bc6-4fa3-97ce-c6c0027ee9d5;DB_CLOSE_DELAY=-1;DB_CLOSE_ON_EXIT=false', username='sa'
2025-09-20T20:37:54.750+09:00  INFO 8468 --- [    Test worker] o.hibernate.jpa.internal.util.LogHelper  : HHH000204: Processing PersistenceUnitInfo [name: default]
2025-09-20T20:37:54.758+09:00  INFO 8468 --- [    Test worker] o.h.c.internal.RegionFactoryInitiator    : HHH000026: Second-level cache disabled
2025-09-20T20:37:54.777+09:00  INFO 8468 --- [    Test worker] o.s.o.j.p.SpringPersistenceUnitInfo      : No LoadTimeWeaver setup: ignoring JPA class transformer
2025-09-20T20:37:54.780+09:00  WARN 8468 --- [    Test worker] org.hibernate.orm.deprecation            : HHH90000025: H2Dialect does not need to be specified explicitly using 'hibernate.dialect' (remove the property setting and it will be selected by default)
2025-09-20T20:37:55.048+09:00  INFO 8468 --- [    Test worker] o.h.e.t.j.p.i.JtaPlatformInitiator       : HHH000489: No JTA platform available (set 'hibernate.transaction.jta.platform' to enable JTA platform integration)
Hibernate: drop table if exists approval cascade 
Hibernate: drop table if exists approval_step cascade 
Hibernate: drop table if exists code_item cascade 
Hibernate: drop table if exists code_type cascade 
Hibernate: drop table if exists company cascade 
Hibernate: drop table if exists dept cascade 
Hibernate: drop table if exists func cascade 
Hibernate: drop table if exists inspection cascade 
Hibernate: drop table if exists inventory cascade 
Hibernate: drop table if exists inventory_closing cascade 
Hibernate: drop table if exists inventory_history cascade 
Hibernate: drop table if exists inventory_stock cascade 
Hibernate: drop table if exists member cascade 
Hibernate: drop table if exists memo cascade 
Hibernate: drop table if exists plant cascade 
Hibernate: drop table if exists role cascade 
Hibernate: drop table if exists sequence cascade 
Hibernate: drop table if exists site cascade 
Hibernate: drop table if exists storage cascade 
Hibernate: drop table if exists work_order cascade 
Hibernate: drop table if exists work_permit cascade 
Hibernate: create table approval (company_id varchar(5) not null, created_at timestamp(6), updated_at timestamp(6), approval_id varchar(10) not null, created_by varchar(10), ref_id varchar(10), status varchar(10), updated_by varchar(10), ref_entity varchar(64), file_group_id varchar(100), title varchar(100), content clob, primary key (company_id, approval_id))
Hibernate: create table approval_step (step_no integer not null, company_id varchar(5) not null, decision varchar(5), member_id varchar(5), decided_at timestamp(6), approval_id varchar(10) not null, comment varchar(500), primary key (step_no, company_id, approval_id))
Hibernate: create table code_item (code varchar(5) not null, code_type varchar(5) not null, company_id varchar(5) not null, name varchar(100), note varchar(500), primary key (code, code_type, company_id))
Hibernate: create table code_type (delete_mark varchar(1), code_type varchar(5) not null, company_id varchar(5) not null, created_at timestamp(6), updated_at timestamp(6), created_by varchar(10), updated_by varchar(10), name varchar(100), note varchar(500), primary key (code_type, company_id))
Hibernate: create table company (delete_mark varchar(1), company_id varchar(5) not null, created_at timestamp(6), updated_at timestamp(6), created_by varchar(10), updated_by varchar(10), name varchar(100), note varchar(500), primary key (company_id))
Hibernate: create table dept (delete_mark varchar(1), company_id varchar(5) not null, dept_id varchar(5) not null, parent_id varchar(5), created_at timestamp(6), updated_at timestamp(6), created_by varchar(10), updated_by varchar(10), name varchar(100), note varchar(500), primary key (company_id, dept_id))
Hibernate: create table func (delete_mark varchar(1), company_id varchar(5) not null, func_id varchar(5) not null, created_at timestamp(6), updated_at timestamp(6), created_by varchar(10), updated_by varchar(10), name varchar(100), note varchar(500), primary key (company_id, func_id))
Hibernate: create table inspection (actual_date date, planned_date date, company_id varchar(5) not null, dept_id varchar(5), job_id varchar(5), member_id varchar(5), site_id varchar(5), created_at timestamp(6), updated_at timestamp(6), created_by varchar(10), inspection_id varchar(10) not null, plant_id varchar(10), status varchar(10), updated_by varchar(10), file_group_id varchar(100), name varchar(100), note varchar(500), primary key (company_id, inspection_id))
Hibernate: create table inventory (delete_mark varchar(1), asset_id varchar(5), company_id varchar(5) not null, dept_id varchar(5), created_at timestamp(6), updated_at timestamp(6), created_by varchar(10), inventory_id varchar(10) not null, status varchar(10), updated_by varchar(10), file_group_id varchar(100), maker_name varchar(100), model varchar(100), name varchar(100), serial varchar(100), spec varchar(100), note varchar(500), primary key (company_id, inventory_id))
Hibernate: create table inventory_closing (adj_amount numeric(18,2), adj_qty numeric(18,3), begin_amount numeric(18,2), begin_qty numeric(18,3), end_amount numeric(18,2), end_qty numeric(18,3), in_amount numeric(18,2), in_qty numeric(18,3), move_amount numeric(18,2), move_qty numeric(18,2), out_amount numeric(18,2), out_qty numeric(18,3), company_id varchar(5) not null, status varchar(5), storage_id varchar(5) not null, yyyymm varchar(6) not null, closed_at timestamp(6), closed_by varchar(10), inventory_id varchar(10) not null, primary key (company_id, storage_id, yyyymm, inventory_id))
Hibernate: create table inventory_history (amount numeric(18,2), in_qty numeric(18,3), out_qty numeric(18,3), ref_line integer, tx_date date, unit_cost numeric(18,6), company_id varchar(5) not null, storage_id varchar(5), tx_type varchar(5), created_at timestamp(6), updated_at timestamp(6), created_by varchar(10), history_id varchar(10) not null, inventory_id varchar(10), ref_no varchar(10), updated_by varchar(10), note varchar(500), primary key (company_id, history_id))
Hibernate: create table inventory_stock (amount numeric(18,2), qty numeric(18,3), company_id varchar(5) not null, storage_id varchar(5) not null, updated_at timestamp(6), inventory_id varchar(10) not null, updated_by varchar(10), primary key (company_id, storage_id, inventory_id))
Hibernate: create table member (delete_mark varchar(1), company_id varchar(5) not null, dept_id varchar(5), member_id varchar(5) not null, created_at timestamp(6), updated_at timestamp(6), created_by varchar(10), updated_by varchar(10), email varchar(100), name varchar(100), password_hash varchar(100), phone varchar(100), note varchar(500), primary key (company_id, member_id))
Hibernate: create table memo (company_id varchar(5) not null, created_at timestamp(6), updated_at timestamp(6), created_by varchar(10), memo_id varchar(10) not null, ref_id varchar(10), updated_by varchar(10), ref_entity varchar(64), file_group_id varchar(100), title varchar(100), content clob, primary key (company_id, memo_id))
Hibernate: create table plant (delete_mark varchar(1), depre_period integer, inspection_interval integer, inspection_yn varchar(1), install_date date, last_inspection date, next_inspection date, psm_yn varchar(1), purchase_cost numeric(18,2), residual_value numeric(18,2), workpermit_yn varchar(1), asset_id varchar(5), company_id varchar(5) not null, depre_id varchar(5), dept_id varchar(5), func_id varchar(5), site_id varchar(5), created_at timestamp(6), updated_at timestamp(6), created_by varchar(10), plant_id varchar(10) not null, status varchar(10), updated_by varchar(10), file_group_id varchar(100), maker_name varchar(100), model varchar(100), name varchar(100) not null, serial varchar(100), spec varchar(100), note varchar(500), primary key (company_id, plant_id))
Hibernate: create table role (delete_mark varchar(1), company_id varchar(5) not null, role_id varchar(5) not null, created_at timestamp(6), updated_at timestamp(6), created_by varchar(10), updated_by varchar(10), name varchar(100), note varchar(500), primary key (company_id, role_id))
Hibernate: create table sequence (module_code varchar(1) not null, next_seq integer, company_id varchar(5) not null, date_key varchar(6) not null, primary key (module_code, company_id, date_key))
Hibernate: create table site (delete_mark varchar(1), company_id varchar(5) not null, site_id varchar(5) not null, created_at timestamp(6), updated_at timestamp(6), created_by varchar(10), updated_by varchar(10), name varchar(100), note varchar(500), primary key (company_id, site_id))
Hibernate: create table storage (delete_mark varchar(1), company_id varchar(5) not null, storage_id varchar(5) not null, created_at timestamp(6), updated_at timestamp(6), created_by varchar(10), updated_by varchar(10), name varchar(100), note varchar(500), primary key (company_id, storage_id))
Hibernate: create table work_order (actual_cost numeric(18,2), actual_date date, actual_labor numeric(18,2), planned_cost numeric(18,2), planned_date date, planned_labor numeric(18,2), company_id varchar(5) not null, dept_id varchar(5), job_id varchar(5), member_id varchar(5), site_id varchar(5), created_at timestamp(6), updated_at timestamp(6), created_by varchar(10), order_id varchar(10) not null, plant_id varchar(10), status varchar(10), updated_by varchar(10), file_group_id varchar(100), name varchar(100), note varchar(500), primary key (company_id, order_id))
Hibernate: create table work_permit (actual_date date, planned_date date, company_id varchar(5) not null, dept_id varchar(5), job_id varchar(5), member_id varchar(5), site_id varchar(5), created_at timestamp(6), updated_at timestamp(6), created_by varchar(10), permit_id varchar(10) not null, plant_id varchar(10), status varchar(10), updated_by varchar(10), file_group_id varchar(100), name varchar(100), hazard_factor varchar(500), note varchar(500), safety_factor varchar(500), work_summary varchar(500), checksheet_json clob, primary key (company_id, permit_id))
2025-09-20T20:37:55.075+09:00  INFO 8468 --- [    Test worker] j.LocalContainerEntityManagerFactoryBean : Initialized JPA EntityManagerFactory for persistence unit 'default'
2025-09-20T20:37:55.328+09:00  INFO 8468 --- [    Test worker] c.cmms11.inventory.InventoryServiceTest  : Started InventoryServiceTest in 0.904 seconds (process running for 21.378)
Hibernate: select i1_0.company_id,i1_0.inventory_id,i1_0.asset_id,i1_0.created_at,i1_0.created_by,i1_0.delete_mark,i1_0.dept_id,i1_0.file_group_id,i1_0.maker_name,i1_0.model,i1_0.name,i1_0.note,i1_0.serial,i1_0.spec,i1_0.status,i1_0.updated_at,i1_0.updated_by from inventory i1_0 where (i1_0.company_id,i1_0.inventory_id) in ((?,?))
Hibernate: select i1_0.company_id,i1_0.inventory_id,i1_0.asset_id,i1_0.created_at,i1_0.created_by,i1_0.delete_mark,i1_0.dept_id,i1_0.file_group_id,i1_0.maker_name,i1_0.model,i1_0.name,i1_0.note,i1_0.serial,i1_0.spec,i1_0.status,i1_0.updated_at,i1_0.updated_by from inventory i1_0 where (i1_0.company_id,i1_0.inventory_id) in ((?,?))
Hibernate: select s1_0.company_id,s1_0.date_key,s1_0.module_code,s1_0.next_seq from sequence s1_0 where s1_0.company_id=? and s1_0.module_code=? and s1_0.date_key=? for update
Hibernate: select s1_0.company_id,s1_0.date_key,s1_0.module_code,s1_0.next_seq from sequence s1_0 where (s1_0.company_id,s1_0.date_key,s1_0.module_code) in ((?,?,?))
Hibernate: select i1_0.company_id,i1_0.inventory_id,i1_0.asset_id,i1_0.created_at,i1_0.created_by,i1_0.delete_mark,i1_0.dept_id,i1_0.file_group_id,i1_0.maker_name,i1_0.model,i1_0.name,i1_0.note,i1_0.serial,i1_0.spec,i1_0.status,i1_0.updated_at,i1_0.updated_by from inventory i1_0 where (i1_0.company_id,i1_0.inventory_id) in ((?,?))
Hibernate: select s1_0.company_id,s1_0.date_key,s1_0.module_code,s1_0.next_seq from sequence s1_0 where s1_0.company_id=? and s1_0.module_code=? and s1_0.date_key=? for update
Hibernate: select s1_0.company_id,s1_0.date_key,s1_0.module_code,s1_0.next_seq from sequence s1_0 where (s1_0.company_id,s1_0.date_key,s1_0.module_code) in ((?,?,?))
Hibernate: select i1_0.company_id,i1_0.inventory_id,i1_0.asset_id,i1_0.created_at,i1_0.created_by,i1_0.delete_mark,i1_0.dept_id,i1_0.file_group_id,i1_0.maker_name,i1_0.model,i1_0.name,i1_0.note,i1_0.serial,i1_0.spec,i1_0.status,i1_0.updated_at,i1_0.updated_by from inventory i1_0 where (i1_0.company_id,i1_0.inventory_id) in ((?,?))
Hibernate: select i1_0.company_id,i1_0.inventory_id,i1_0.asset_id,i1_0.created_at,i1_0.created_by,i1_0.delete_mark,i1_0.dept_id,i1_0.file_group_id,i1_0.maker_name,i1_0.model,i1_0.name,i1_0.note,i1_0.serial,i1_0.spec,i1_0.status,i1_0.updated_at,i1_0.updated_by from inventory i1_0 where (i1_0.company_id,i1_0.inventory_id) in ((?,?))
Hibernate: select s1_0.company_id,s1_0.date_key,s1_0.module_code,s1_0.next_seq from sequence s1_0 where s1_0.company_id=? and s1_0.module_code=? and s1_0.date_key=? for update
Hibernate: select s1_0.company_id,s1_0.date_key,s1_0.module_code,s1_0.next_seq from sequence s1_0 where (s1_0.company_id,s1_0.date_key,s1_0.module_code) in ((?,?,?))
Hibernate: select i1_0.company_id,i1_0.inventory_id,i1_0.asset_id,i1_0.created_at,i1_0.created_by,i1_0.delete_mark,i1_0.dept_id,i1_0.file_group_id,i1_0.maker_name,i1_0.model,i1_0.name,i1_0.note,i1_0.serial,i1_0.spec,i1_0.status,i1_0.updated_at,i1_0.updated_by from inventory i1_0 where (i1_0.company_id,i1_0.inventory_id) in ((?,?))
Hibernate: insert into sequence (next_seq,company_id,date_key,module_code) values (?,?,?,?)
Hibernate: insert into inventory (asset_id,created_at,created_by,delete_mark,dept_id,file_group_id,maker_name,model,name,note,serial,spec,status,updated_at,updated_by,company_id,inventory_id) values (?,?,?,?,?,?,?,?,?,?,?,?,?,?,?,?,?)
Hibernate: update sequence set next_seq=? where company_id=? and date_key=? and module_code=?
Hibernate: select s1_0.company_id,s1_0.date_key,s1_0.module_code,s1_0.next_seq from sequence s1_0 where s1_0.company_id=? and s1_0.module_code=? and s1_0.date_key=? for update
Hibernate: select i1_0.company_id,i1_0.inventory_id,i1_0.asset_id,i1_0.created_at,i1_0.created_by,i1_0.delete_mark,i1_0.dept_id,i1_0.file_group_id,i1_0.maker_name,i1_0.model,i1_0.name,i1_0.note,i1_0.serial,i1_0.spec,i1_0.status,i1_0.updated_at,i1_0.updated_by from inventory i1_0 where (i1_0.company_id,i1_0.inventory_id) in ((?,?))
Hibernate: insert into inventory (asset_id,created_at,created_by,delete_mark,dept_id,file_group_id,maker_name,model,name,note,serial,spec,status,updated_at,updated_by,company_id,inventory_id) values (?,?,?,?,?,?,?,?,?,?,?,?,?,?,?,?,?)
Hibernate: update sequence set next_seq=? where company_id=? and date_key=? and module_code=?
Hibernate: select s1_0.company_id,s1_0.date_key,s1_0.module_code,s1_0.next_seq from sequence s1_0 where s1_0.company_id=? and s1_0.module_code=? and s1_0.date_key=? for update
Hibernate: select i1_0.company_id,i1_0.inventory_id,i1_0.asset_id,i1_0.created_at,i1_0.created_by,i1_0.delete_mark,i1_0.dept_id,i1_0.file_group_id,i1_0.maker_name,i1_0.model,i1_0.name,i1_0.note,i1_0.serial,i1_0.spec,i1_0.status,i1_0.updated_at,i1_0.updated_by from inventory i1_0 where (i1_0.company_id,i1_0.inventory_id) in ((?,?))
Hibernate: insert into inventory (asset_id,created_at,created_by,delete_mark,dept_id,file_group_id,maker_name,model,name,note,serial,spec,status,updated_at,updated_by,company_id,inventory_id) values (?,?,?,?,?,?,?,?,?,?,?,?,?,?,?,?,?)
Hibernate: update sequence set next_seq=? where company_id=? and date_key=? and module_code=?
Hibernate: update inventory set asset_id=?,created_at=?,created_by=?,delete_mark=?,dept_id=?,file_group_id=?,maker_name=?,model=?,name=?,note=?,serial=?,spec=?,status=?,updated_at=?,updated_by=? where company_id=? and inventory_id=?
Hibernate: select i1_0.company_id,i1_0.inventory_id,i1_0.asset_id,i1_0.created_at,i1_0.created_by,i1_0.delete_mark,i1_0.dept_id,i1_0.file_group_id,i1_0.maker_name,i1_0.model,i1_0.name,i1_0.note,i1_0.serial,i1_0.spec,i1_0.status,i1_0.updated_at,i1_0.updated_by from inventory i1_0 where i1_0.company_id=? and i1_0.delete_mark=? and (i1_0.inventory_id like ? escape '' or i1_0.name like ? escape '') fetch first ? rows only
Hibernate: select s1_0.company_id,s1_0.date_key,s1_0.module_code,s1_0.next_seq from sequence s1_0 where s1_0.company_id=? and s1_0.module_code=? and s1_0.date_key=? for update
Hibernate: select s1_0.company_id,s1_0.date_key,s1_0.module_code,s1_0.next_seq from sequence s1_0 where (s1_0.company_id,s1_0.date_key,s1_0.module_code) in ((?,?,?))
Hibernate: select i1_0.company_id,i1_0.inventory_id,i1_0.asset_id,i1_0.created_at,i1_0.created_by,i1_0.delete_mark,i1_0.dept_id,i1_0.file_group_id,i1_0.maker_name,i1_0.model,i1_0.name,i1_0.note,i1_0.serial,i1_0.spec,i1_0.status,i1_0.updated_at,i1_0.updated_by from inventory i1_0 where (i1_0.company_id,i1_0.inventory_id) in ((?,?))
]]></system-out>
  <system-err><![CDATA[]]></system-err>
</testsuite>
