<?xml version="1.0" encoding="UTF-8"?>
<testsuite name="com.cmms11.web.CompanyControllerTest" tests="4" skipped="0" failures="0" errors="0" timestamp="2025-09-20T11:37:58.929Z" hostname="BOOK-87K1SFE0DT" time="1.021">
  <properties/>
  <testcase name="updateCompanyReturnsOkResponse()" classname="com.cmms11.web.CompanyControllerTest" time="0.796"/>
  <testcase name="listCompaniesReturnsPagedResponse()" classname="com.cmms11.web.CompanyControllerTest" time="0.138"/>
  <testcase name="createCompanyReturnsCreatedResponse()" classname="com.cmms11.web.CompanyControllerTest" time="0.03"/>
  <testcase name="deleteCompanyReturnsNoContent()" classname="com.cmms11.web.CompanyControllerTest" time="0.028"/>
  <system-out><![CDATA[2025-09-20T20:37:55.462+09:00  INFO 8468 --- [    Test worker] t.c.s.AnnotationConfigContextLoaderUtils : Could not detect default configuration classes for test class [com.cmms11.web.CompanyControllerTest]: CompanyControllerTest does not declare any static, non-private, non-final, nested classes annotated with @Configuration.
2025-09-20T20:37:55.504+09:00  INFO 8468 --- [    Test worker] .b.t.c.SpringBootTestContextBootstrapper : Found @SpringBootConfiguration com.cmms11.Cmms11Application for test class com.cmms11.web.CompanyControllerTest

  .   ____          _            __ _ _
 /\\ / ___'_ __ _ _(_)_ __  __ _ \ \ \ \
( ( )\___ | '_ | '_| | '_ \/ _` | \ \ \ \
 \\/  ___)| |_)| | | | | || (_| |  ) ) ) )
  '  |____| .__|_| |_|_| |_\__, | / / / /
 =========|_|==============|___/=/_/_/_/

 :: Spring Boot ::                (v3.3.4)

2025-09-20T20:37:55.557+09:00  INFO 8468 --- [    Test worker] com.cmms11.web.CompanyControllerTest     : Starting CompanyControllerTest using Java 21.0.8 with PID 8468 (started by polkn in C:\Users\polkn\codex\cmms11)
2025-09-20T20:37:55.557+09:00  INFO 8468 --- [    Test worker] com.cmms11.web.CompanyControllerTest     : No active profile set, falling back to 1 default profile: "default"
2025-09-20T20:37:57.186+09:00  INFO 8468 --- [    Test worker] r$InitializeUserDetailsManagerConfigurer : Global AuthenticationManager configured with UserDetailsService bean with name org.springframework.security.core.userdetails.UserDetailsService#0
2025-09-20T20:37:58.873+09:00  INFO 8468 --- [    Test worker] o.s.b.t.m.w.SpringBootMockServletContext : Initializing Spring TestDispatcherServlet ''
2025-09-20T20:37:58.874+09:00  INFO 8468 --- [    Test worker] o.s.t.web.servlet.TestDispatcherServlet  : Initializing Servlet ''
2025-09-20T20:37:58.877+09:00  INFO 8468 --- [    Test worker] o.s.t.web.servlet.TestDispatcherServlet  : Completed initialization in 3 ms
2025-09-20T20:37:58.904+09:00  INFO 8468 --- [    Test worker] com.cmms11.web.CompanyControllerTest     : Started CompanyControllerTest in 3.384 seconds (process running for 24.953)
2025-09-20T20:37:59.592+09:00  INFO 8468 --- [    Test worker] com.cmms11.config.RequestLoggingFilter   : [REQ] PUT /api/domain/companies/C1000 status=200 duration=405ms
2025-09-20T20:37:59.805+09:00  WARN 8468 --- [    Test worker] ration$PageModule$WarningLoggingModifier : Serializing PageImpl instances as-is is not supported, meaning that there is no guarantee about the stability of the resulting JSON structure!
	For a stable JSON structure, please use Spring Data's PagedModel (globally via @EnableSpringDataWebSupport(pageSerializationMode = VIA_DTO))
	or Spring HATEOAS and Spring Data's PagedResourcesAssembler as documented in https://docs.spring.io/spring-data/commons/reference/repositories/core-extensions.html#core.web.pageables.

2025-09-20T20:37:59.851+09:00  INFO 8468 --- [    Test worker] com.cmms11.config.RequestLoggingFilter   : [REQ] GET /api/domain/companies status=200 duration=77ms
2025-09-20T20:37:59.912+09:00  INFO 8468 --- [    Test worker] com.cmms11.config.RequestLoggingFilter   : [REQ] POST /api/domain/companies status=201 duration=5ms
2025-09-20T20:37:59.947+09:00  INFO 8468 --- [    Test worker] com.cmms11.config.RequestLoggingFilter   : [REQ] DELETE /api/domain/companies/C1000 status=204 duration=3ms
]]></system-out>
  <system-err><![CDATA[]]></system-err>
</testsuite>
