<?xml version="1.0" encoding="UTF-8"?>
<testsuite name="com.cmms11.web.AuthControllerTest" tests="2" skipped="0" failures="0" errors="0" timestamp="2025-09-24T13:29:20.494Z" hostname="BOOK-87K1SFE0DT" time="0.024">
  <properties/>
  <testcase name="meReturnsUnauthorizedWhenServiceThrowsException()" classname="com.cmms11.web.AuthControllerTest" time="0.018"/>
  <testcase name="meReturnsAuthenticatedMemberInformation()" classname="com.cmms11.web.AuthControllerTest" time="0.006"/>
  <system-out><![CDATA[2025-09-24T22:29:20.267+09:00  INFO 26452 --- [    Test worker] t.c.s.AnnotationConfigContextLoaderUtils : Could not detect default configuration classes for test class [com.cmms11.web.AuthControllerTest]: AuthControllerTest does not declare any static, non-private, non-final, nested classes annotated with @Configuration.
2025-09-24T22:29:20.273+09:00  INFO 26452 --- [    Test worker] .b.t.c.SpringBootTestContextBootstrapper : Found @SpringBootConfiguration com.cmms11.Cmms11Application for test class com.cmms11.web.AuthControllerTest

  .   ____          _            __ _ _
 /\\ / ___'_ __ _ _(_)_ __  __ _ \ \ \ \
( ( )\___ | '_ | '_| | '_ \/ _` | \ \ \ \
 \\/  ___)| |_)| | | | | || (_| |  ) ) ) )
  '  |____| .__|_| |_|_| |_\__, | / / / /
 =========|_|==============|___/=/_/_/_/

 :: Spring Boot ::                (v3.3.4)

2025-09-24T22:29:20.289+09:00  INFO 26452 --- [    Test worker] com.cmms11.web.AuthControllerTest        : Starting AuthControllerTest using Java 21.0.8 with PID 26452 (started by polkn in C:\Users\polkn\codex\cmms11)
2025-09-24T22:29:20.289+09:00  INFO 26452 --- [    Test worker] com.cmms11.web.AuthControllerTest        : No active profile set, falling back to 1 default profile: "default"
2025-09-24T22:29:20.438+09:00  INFO 26452 --- [    Test worker] r$InitializeUserDetailsManagerConfigurer : Global AuthenticationManager configured with UserDetailsService bean with name org.springframework.security.core.userdetails.UserDetailsService#0
2025-09-24T22:29:20.491+09:00  INFO 26452 --- [    Test worker] o.s.b.t.m.w.SpringBootMockServletContext : Initializing Spring TestDispatcherServlet ''
2025-09-24T22:29:20.491+09:00  INFO 26452 --- [    Test worker] o.s.t.web.servlet.TestDispatcherServlet  : Initializing Servlet ''
2025-09-24T22:29:20.491+09:00  INFO 26452 --- [    Test worker] o.s.t.web.servlet.TestDispatcherServlet  : Completed initialization in 0 ms
2025-09-24T22:29:20.494+09:00  INFO 26452 --- [    Test worker] com.cmms11.web.AuthControllerTest        : Started AuthControllerTest in 0.22 seconds (process running for 13.981)
2025-09-24T22:29:20.503+09:00  WARN 26452 --- [    Test worker] c.c.c.error.GlobalRestExceptionHandler   : Unauthorized access on /api/auth/me: Authentication is required
2025-09-24T22:29:20.510+09:00  INFO 26452 --- [    Test worker] com.cmms11.config.RequestLoggingFilter   : [REQ] GET /api/auth/me status=401 duration=11ms
2025-09-24T22:29:20.516+09:00  INFO 26452 --- [    Test worker] com.cmms11.config.RequestLoggingFilter   : [REQ] GET /api/auth/me status=200 duration=2ms
]]></system-out>
  <system-err><![CDATA[]]></system-err>
</testsuite>
