<?xml version="1.0" encoding="UTF-8"?>
<testsuite name="com.cmms11.inventory.InventoryServiceUploadTest" tests="2" skipped="0" failures="0" errors="0" timestamp="2025-09-24T13:29:19.125Z" hostname="BOOK-87K1SFE0DT" time="0.036">
  <properties/>
  <testcase name="uploadCreatesInventories()" classname="com.cmms11.inventory.InventoryServiceUploadTest" time="0.02"/>
  <testcase name="uploadCollectsErrorsAndPersistsValidRows()" classname="com.cmms11.inventory.InventoryServiceUploadTest" time="0.016"/>
  <system-out><![CDATA[2025-09-24T22:29:19.119+09:00  INFO 26452 --- [    Test worker] t.c.s.AnnotationConfigContextLoaderUtils : Could not detect default configuration classes for test class [com.cmms11.inventory.InventoryServiceUploadTest]: InventoryServiceUploadTest does not declare any static, non-private, non-final, nested classes annotated with @Configuration.
2025-09-24T22:29:19.124+09:00  INFO 26452 --- [    Test worker] .b.t.c.SpringBootTestContextBootstrapper : Found @SpringBootConfiguration com.cmms11.Cmms11Application for test class com.cmms11.inventory.InventoryServiceUploadTest
Hibernate: select s1_0.company_id,s1_0.date_key,s1_0.module_code,s1_0.next_seq from sequence s1_0 where s1_0.company_id=? and s1_0.module_code=? and s1_0.date_key=? for update
Hibernate: select s1_0.company_id,s1_0.date_key,s1_0.module_code,s1_0.next_seq from sequence s1_0 where (s1_0.company_id,s1_0.date_key,s1_0.module_code) in ((?,?,?))
Hibernate: select i1_0.company_id,i1_0.inventory_id,i1_0.asset_id,i1_0.created_at,i1_0.created_by,i1_0.delete_mark,i1_0.dept_id,i1_0.file_group_id,i1_0.maker_name,i1_0.model,i1_0.name,i1_0.note,i1_0.serial,i1_0.spec,i1_0.status,i1_0.updated_at,i1_0.updated_by from inventory i1_0 where (i1_0.company_id,i1_0.inventory_id) in ((?,?))
Hibernate: select i1_0.company_id,i1_0.inventory_id,i1_0.asset_id,i1_0.created_at,i1_0.created_by,i1_0.delete_mark,i1_0.dept_id,i1_0.file_group_id,i1_0.maker_name,i1_0.model,i1_0.name,i1_0.note,i1_0.serial,i1_0.spec,i1_0.status,i1_0.updated_at,i1_0.updated_by from inventory i1_0 where (i1_0.company_id,i1_0.inventory_id) in ((?,?))
Hibernate: select i1_0.company_id,i1_0.inventory_id,i1_0.asset_id,i1_0.created_at,i1_0.created_by,i1_0.delete_mark,i1_0.dept_id,i1_0.file_group_id,i1_0.maker_name,i1_0.model,i1_0.name,i1_0.note,i1_0.serial,i1_0.spec,i1_0.status,i1_0.updated_at,i1_0.updated_by from inventory i1_0 where (i1_0.company_id,i1_0.inventory_id) in ((?,?))
Hibernate: insert into sequence (next_seq,company_id,date_key,module_code) values (?,?,?,?)
Hibernate: insert into inventory (asset_id,created_at,created_by,delete_mark,dept_id,file_group_id,maker_name,model,name,note,serial,spec,status,updated_at,updated_by,company_id,inventory_id) values (?,?,?,?,?,?,?,?,?,?,?,?,?,?,?,?,?)
Hibernate: insert into inventory (asset_id,created_at,created_by,delete_mark,dept_id,file_group_id,maker_name,model,name,note,serial,spec,status,updated_at,updated_by,company_id,inventory_id) values (?,?,?,?,?,?,?,?,?,?,?,?,?,?,?,?,?)
Hibernate: update sequence set next_seq=? where company_id=? and date_key=? and module_code=?
Hibernate: select i1_0.company_id,i1_0.inventory_id,i1_0.asset_id,i1_0.created_at,i1_0.created_by,i1_0.delete_mark,i1_0.dept_id,i1_0.file_group_id,i1_0.maker_name,i1_0.model,i1_0.name,i1_0.note,i1_0.serial,i1_0.spec,i1_0.status,i1_0.updated_at,i1_0.updated_by from inventory i1_0
Hibernate: select i1_0.company_id,i1_0.inventory_id,i1_0.asset_id,i1_0.created_at,i1_0.created_by,i1_0.delete_mark,i1_0.dept_id,i1_0.file_group_id,i1_0.maker_name,i1_0.model,i1_0.name,i1_0.note,i1_0.serial,i1_0.spec,i1_0.status,i1_0.updated_at,i1_0.updated_by from inventory i1_0 where (i1_0.company_id,i1_0.inventory_id) in ((?,?))
Hibernate: select s1_0.company_id,s1_0.date_key,s1_0.module_code,s1_0.next_seq from sequence s1_0 where s1_0.company_id=? and s1_0.module_code=? and s1_0.date_key=? for update
Hibernate: select s1_0.company_id,s1_0.date_key,s1_0.module_code,s1_0.next_seq from sequence s1_0 where (s1_0.company_id,s1_0.date_key,s1_0.module_code) in ((?,?,?))
Hibernate: select i1_0.company_id,i1_0.inventory_id,i1_0.asset_id,i1_0.created_at,i1_0.created_by,i1_0.delete_mark,i1_0.dept_id,i1_0.file_group_id,i1_0.maker_name,i1_0.model,i1_0.name,i1_0.note,i1_0.serial,i1_0.spec,i1_0.status,i1_0.updated_at,i1_0.updated_by from inventory i1_0 where (i1_0.company_id,i1_0.inventory_id) in ((?,?))
Hibernate: insert into inventory (asset_id,created_at,created_by,delete_mark,dept_id,file_group_id,maker_name,model,name,note,serial,spec,status,updated_at,updated_by,company_id,inventory_id) values (?,?,?,?,?,?,?,?,?,?,?,?,?,?,?,?,?)
Hibernate: insert into sequence (next_seq,company_id,date_key,module_code) values (?,?,?,?)
Hibernate: insert into inventory (asset_id,created_at,created_by,delete_mark,dept_id,file_group_id,maker_name,model,name,note,serial,spec,status,updated_at,updated_by,company_id,inventory_id) values (?,?,?,?,?,?,?,?,?,?,?,?,?,?,?,?,?)
Hibernate: update sequence set next_seq=? where company_id=? and date_key=? and module_code=?
Hibernate: select i1_0.company_id,i1_0.inventory_id,i1_0.asset_id,i1_0.created_at,i1_0.created_by,i1_0.delete_mark,i1_0.dept_id,i1_0.file_group_id,i1_0.maker_name,i1_0.model,i1_0.name,i1_0.note,i1_0.serial,i1_0.spec,i1_0.status,i1_0.updated_at,i1_0.updated_by from inventory i1_0
]]></system-out>
  <system-err><![CDATA[]]></system-err>
</testsuite>
