<?xml version="1.0" encoding="UTF-8"?>
<testsuite name="com.cmms11.web.DeptControllerTest" tests="5" skipped="0" failures="0" errors="0" timestamp="2025-09-20T11:38:00.798Z" hostname="BOOK-87K1SFE0DT" time="0.08">
  <properties/>
  <testcase name="listDeptsDelegatesToService()" classname="com.cmms11.web.DeptControllerTest" time="0.026"/>
  <testcase name="deleteDeptReturnsNoContent()" classname="com.cmms11.web.DeptControllerTest" time="0.007"/>
  <testcase name="createDeptReturnsCreated()" classname="com.cmms11.web.DeptControllerTest" time="0.022"/>
  <testcase name="getDeptReturnsEntity()" classname="com.cmms11.web.DeptControllerTest" time="0.009"/>
  <testcase name="updateDeptReturnsUpdated()" classname="com.cmms11.web.DeptControllerTest" time="0.009"/>
  <system-out><![CDATA[2025-09-20T20:37:59.965+09:00  INFO 8468 --- [    Test worker] t.c.s.AnnotationConfigContextLoaderUtils : Could not detect default configuration classes for test class [com.cmms11.web.DeptControllerTest]: DeptControllerTest does not declare any static, non-private, non-final, nested classes annotated with @Configuration.
2025-09-20T20:38:00.003+09:00  INFO 8468 --- [    Test worker] .b.t.c.SpringBootTestContextBootstrapper : Found @SpringBootConfiguration com.cmms11.Cmms11Application for test class com.cmms11.web.DeptControllerTest

  .   ____          _            __ _ _
 /\\ / ___'_ __ _ _(_)_ __  __ _ \ \ \ \
( ( )\___ | '_ | '_| | '_ \/ _` | \ \ \ \
 \\/  ___)| |_)| | | | | || (_| |  ) ) ) )
  '  |____| .__|_| |_|_| |_\__, | / / / /
 =========|_|==============|___/=/_/_/_/

 :: Spring Boot ::                (v3.3.4)

2025-09-20T20:38:00.072+09:00  INFO 8468 --- [    Test worker] com.cmms11.web.DeptControllerTest        : Starting DeptControllerTest using Java 21.0.8 with PID 8468 (started by polkn in C:\Users\polkn\codex\cmms11)
2025-09-20T20:38:00.073+09:00  INFO 8468 --- [    Test worker] com.cmms11.web.DeptControllerTest        : No active profile set, falling back to 1 default profile: "default"
2025-09-20T20:38:00.745+09:00  WARN 8468 --- [    Test worker] .s.s.UserDetailsServiceAutoConfiguration : 

Using generated security password: d545d5b2-6216-4a74-aef8-0b1cffe75685

This generated password is for development use only. Your security configuration must be updated before running your application in production.

2025-09-20T20:38:00.752+09:00  INFO 8468 --- [    Test worker] r$InitializeUserDetailsManagerConfigurer : Global AuthenticationManager configured with UserDetailsService bean with name inMemoryUserDetailsManager
2025-09-20T20:38:00.783+09:00  INFO 8468 --- [    Test worker] o.s.b.t.m.w.SpringBootMockServletContext : Initializing Spring TestDispatcherServlet ''
2025-09-20T20:38:00.784+09:00  INFO 8468 --- [    Test worker] o.s.t.web.servlet.TestDispatcherServlet  : Initializing Servlet ''
2025-09-20T20:38:00.786+09:00  INFO 8468 --- [    Test worker] o.s.t.web.servlet.TestDispatcherServlet  : Completed initialization in 1 ms
2025-09-20T20:38:00.794+09:00  INFO 8468 --- [    Test worker] com.cmms11.web.DeptControllerTest        : Started DeptControllerTest in 0.783 seconds (process running for 26.844)
2025-09-20T20:38:00.811+09:00  WARN 8468 --- [    Test worker] ration$PageModule$WarningLoggingModifier : Serializing PageImpl instances as-is is not supported, meaning that there is no guarantee about the stability of the resulting JSON structure!
	For a stable JSON structure, please use Spring Data's PagedModel (globally via @EnableSpringDataWebSupport(pageSerializationMode = VIA_DTO))
	or Spring HATEOAS and Spring Data's PagedResourcesAssembler as documented in https://docs.spring.io/spring-data/commons/reference/repositories/core-extensions.html#core.web.pageables.

]]></system-out>
  <system-err><![CDATA[]]></system-err>
</testsuite>
