<?xml version="1.0" encoding="UTF-8"?>
<testsuite name="com.cmms11.web.CompanyControllerTest" tests="3" skipped="0" failures="0" errors="0" timestamp="2025-09-24T13:29:20.768Z" hostname="BOOK-87K1SFE0DT" time="0.043">
  <properties/>
  <testcase name="editFormLoadsCompanyFromService()" classname="com.cmms11.web.CompanyControllerTest" time="0.029"/>
  <testcase name="newFormProvidesDefaultModelAttributes()" classname="com.cmms11.web.CompanyControllerTest" time="0.005"/>
  <testcase name="listViewRendersPageWithSearchKeyword()" classname="com.cmms11.web.CompanyControllerTest" time="0.009"/>
  <system-out><![CDATA[2025-09-24T22:29:20.520+09:00  INFO 26452 --- [    Test worker] t.c.s.AnnotationConfigContextLoaderUtils : Could not detect default configuration classes for test class [com.cmms11.web.CompanyControllerTest]: CompanyControllerTest does not declare any static, non-private, non-final, nested classes annotated with @Configuration.
2025-09-24T22:29:20.525+09:00  INFO 26452 --- [    Test worker] .b.t.c.SpringBootTestContextBootstrapper : Found @SpringBootConfiguration com.cmms11.Cmms11Application for test class com.cmms11.web.CompanyControllerTest

  .   ____          _            __ _ _
 /\\ / ___'_ __ _ _(_)_ __  __ _ \ \ \ \
( ( )\___ | '_ | '_| | '_ \/ _` | \ \ \ \
 \\/  ___)| |_)| | | | | || (_| |  ) ) ) )
  '  |____| .__|_| |_|_| |_\__, | / / / /
 =========|_|==============|___/=/_/_/_/

 :: Spring Boot ::                (v3.3.4)

2025-09-24T22:29:20.539+09:00  INFO 26452 --- [    Test worker] com.cmms11.web.CompanyControllerTest     : Starting CompanyControllerTest using Java 21.0.8 with PID 26452 (started by polkn in C:\Users\polkn\codex\cmms11)
2025-09-24T22:29:20.540+09:00  INFO 26452 --- [    Test worker] com.cmms11.web.CompanyControllerTest     : No active profile set, falling back to 1 default profile: "default"
2025-09-24T22:29:20.717+09:00  INFO 26452 --- [    Test worker] r$InitializeUserDetailsManagerConfigurer : Global AuthenticationManager configured with UserDetailsService bean with name org.springframework.security.core.userdetails.UserDetailsService#0
2025-09-24T22:29:20.765+09:00  INFO 26452 --- [    Test worker] o.s.b.t.m.w.SpringBootMockServletContext : Initializing Spring TestDispatcherServlet ''
2025-09-24T22:29:20.765+09:00  INFO 26452 --- [    Test worker] o.s.t.web.servlet.TestDispatcherServlet  : Initializing Servlet ''
2025-09-24T22:29:20.765+09:00  INFO 26452 --- [    Test worker] o.s.t.web.servlet.TestDispatcherServlet  : Completed initialization in 0 ms
2025-09-24T22:29:20.768+09:00  INFO 26452 --- [    Test worker] com.cmms11.web.CompanyControllerTest     : Started CompanyControllerTest in 0.241 seconds (process running for 14.255)
2025-09-24T22:29:20.788+09:00  INFO 26452 --- [    Test worker] com.cmms11.config.RequestLoggingFilter   : [REQ] GET /domain/company/edit/C0001 status=200 duration=16ms
2025-09-24T22:29:20.801+09:00  INFO 26452 --- [    Test worker] com.cmms11.config.RequestLoggingFilter   : [REQ] GET /domain/company/form status=200 duration=2ms
2025-09-24T22:29:20.809+09:00  INFO 26452 --- [    Test worker] com.cmms11.config.RequestLoggingFilter   : [REQ] GET /domain/company/list status=200 duration=5ms
]]></system-out>
  <system-err><![CDATA[]]></system-err>
</testsuite>
