<?xml version="1.0" encoding="UTF-8"?>
<testsuite name="com.cmms11.web.SiteControllerTest" tests="5" skipped="0" failures="0" errors="0" timestamp="2025-09-20T11:38:05.289Z" hostname="BOOK-87K1SFE0DT" time="0.047">
  <properties/>
  <testcase name="listSitesDelegatesToService()" classname="com.cmms11.web.SiteControllerTest" time="0.019"/>
  <testcase name="createSiteReturnsCreated()" classname="com.cmms11.web.SiteControllerTest" time="0.012"/>
  <testcase name="deleteSiteReturnsNoContent()" classname="com.cmms11.web.SiteControllerTest" time="0.004"/>
  <testcase name="updateSiteReturnsUpdated()" classname="com.cmms11.web.SiteControllerTest" time="0.004"/>
  <testcase name="getSiteReturnsEntity()" classname="com.cmms11.web.SiteControllerTest" time="0.004"/>
  <system-out><![CDATA[2025-09-20T20:38:04.780+09:00  INFO 8468 --- [    Test worker] t.c.s.AnnotationConfigContextLoaderUtils : Could not detect default configuration classes for test class [com.cmms11.web.SiteControllerTest]: SiteControllerTest does not declare any static, non-private, non-final, nested classes annotated with @Configuration.
2025-09-20T20:38:04.792+09:00  INFO 8468 --- [    Test worker] .b.t.c.SpringBootTestContextBootstrapper : Found @SpringBootConfiguration com.cmms11.Cmms11Application for test class com.cmms11.web.SiteControllerTest

  .   ____          _            __ _ _
 /\\ / ___'_ __ _ _(_)_ __  __ _ \ \ \ \
( ( )\___ | '_ | '_| | '_ \/ _` | \ \ \ \
 \\/  ___)| |_)| | | | | || (_| |  ) ) ) )
  '  |____| .__|_| |_|_| |_\__, | / / / /
 =========|_|==============|___/=/_/_/_/

 :: Spring Boot ::                (v3.3.4)

2025-09-20T20:38:04.818+09:00  INFO 8468 --- [    Test worker] com.cmms11.web.SiteControllerTest        : Starting SiteControllerTest using Java 21.0.8 with PID 8468 (started by polkn in C:\Users\polkn\codex\cmms11)
2025-09-20T20:38:04.818+09:00  INFO 8468 --- [    Test worker] com.cmms11.web.SiteControllerTest        : No active profile set, falling back to 1 default profile: "default"
2025-09-20T20:38:05.275+09:00  WARN 8468 --- [    Test worker] .s.s.UserDetailsServiceAutoConfiguration : 

Using generated security password: 68a38315-c013-4057-9cfa-ec0eb6443167

This generated password is for development use only. Your security configuration must be updated before running your application in production.

2025-09-20T20:38:05.276+09:00  INFO 8468 --- [    Test worker] r$InitializeUserDetailsManagerConfigurer : Global AuthenticationManager configured with UserDetailsService bean with name inMemoryUserDetailsManager
2025-09-20T20:38:05.283+09:00  INFO 8468 --- [    Test worker] o.s.b.t.m.w.SpringBootMockServletContext : Initializing Spring TestDispatcherServlet ''
2025-09-20T20:38:05.283+09:00  INFO 8468 --- [    Test worker] o.s.t.web.servlet.TestDispatcherServlet  : Initializing Servlet ''
2025-09-20T20:38:05.284+09:00  INFO 8468 --- [    Test worker] o.s.t.web.servlet.TestDispatcherServlet  : Completed initialization in 1 ms
2025-09-20T20:38:05.288+09:00  INFO 8468 --- [    Test worker] com.cmms11.web.SiteControllerTest        : Started SiteControllerTest in 0.493 seconds (process running for 31.337)
2025-09-20T20:38:05.299+09:00  WARN 8468 --- [    Test worker] ration$PageModule$WarningLoggingModifier : Serializing PageImpl instances as-is is not supported, meaning that there is no guarantee about the stability of the resulting JSON structure!
	For a stable JSON structure, please use Spring Data's PagedModel (globally via @EnableSpringDataWebSupport(pageSerializationMode = VIA_DTO))
	or Spring HATEOAS and Spring Data's PagedResourcesAssembler as documented in https://docs.spring.io/spring-data/commons/reference/repositories/core-extensions.html#core.web.pageables.

]]></system-out>
  <system-err><![CDATA[]]></system-err>
</testsuite>
