<?xml version="1.0" encoding="UTF-8"?>
<testsuite name="com.cmms11.web.StorageControllerTest" tests="3" skipped="0" failures="0" errors="0" timestamp="2025-09-21T00:41:28.124Z" hostname="BOOK-87K1SFE0DT" time="0.156">
  <properties/>
  <testcase name="listStoragesSupportsPaginationAndSearch()" classname="com.cmms11.web.StorageControllerTest" time="0.054"/>
  <testcase name="storageTemplatesAreServedThroughLayout()" classname="com.cmms11.web.StorageControllerTest" time="0.03"/>
  <testcase name="createUpdateAndDeleteStorage()" classname="com.cmms11.web.StorageControllerTest" time="0.068"/>
  <system-out><![CDATA[2025-09-21T09:41:28.109+09:00  INFO 31528 --- [    Test worker] t.c.s.AnnotationConfigContextLoaderUtils : Could not detect default configuration classes for test class [com.cmms11.web.StorageControllerTest]: StorageControllerTest does not declare any static, non-private, non-final, nested classes annotated with @Configuration.
2025-09-21T09:41:28.115+09:00  INFO 31528 --- [    Test worker] .b.t.c.SpringBootTestContextBootstrapper : Found @SpringBootConfiguration com.cmms11.Cmms11Application for test class com.cmms11.web.StorageControllerTest
2025-09-21T09:41:28.159+09:00  INFO 31528 --- [    Test worker] com.cmms11.config.RequestLoggingFilter   : [REQ] GET /api/domain/storages status=200 duration=23ms
2025-09-21T09:41:28.173+09:00  INFO 31528 --- [    Test worker] com.cmms11.config.RequestLoggingFilter   : [REQ] GET /api/domain/storages status=200 duration=10ms
2025-09-21T09:41:28.197+09:00  INFO 31528 --- [    Test worker] com.cmms11.config.RequestLoggingFilter   : [REQ] GET /domain/storage/list.html status=200 duration=8ms
2025-09-21T09:41:28.207+09:00  INFO 31528 --- [    Test worker] com.cmms11.config.RequestLoggingFilter   : [REQ] GET /domain/storage/form.html status=200 duration=7ms
2025-09-21T09:41:28.249+09:00  INFO 31528 --- [    Test worker] com.cmms11.config.RequestLoggingFilter   : [REQ] POST /api/domain/storages status=201 duration=23ms
2025-09-21T09:41:28.266+09:00  INFO 31528 --- [    Test worker] com.cmms11.config.RequestLoggingFilter   : [REQ] PUT /api/domain/storages/ST100 status=200 duration=7ms
2025-09-21T09:41:28.275+09:00  INFO 31528 --- [    Test worker] com.cmms11.config.RequestLoggingFilter   : [REQ] DELETE /api/domain/storages/ST100 status=204 duration=8ms
]]></system-out>
  <system-err><![CDATA[]]></system-err>
</testsuite>
