<?xml version="1.0" encoding="UTF-8"?>
<testsuite name="com.cmms11.web.FuncControllerTest" tests="3" skipped="0" failures="0" errors="0" timestamp="2025-09-21T00:41:25.906Z" hostname="BOOK-87K1SFE0DT" time="2.195">
  <properties/>
  <testcase name="listFunctionsSupportsPaginationAndSearch()" classname="com.cmms11.web.FuncControllerTest" time="1.725"/>
  <testcase name="createUpdateAndDeleteFunc()" classname="com.cmms11.web.FuncControllerTest" time="0.398"/>
  <testcase name="funcTemplatesAreServedThroughLayout()" classname="com.cmms11.web.FuncControllerTest" time="0.068"/>
  <system-out><![CDATA[09:41:11.542 [Test worker] INFO org.springframework.test.context.support.AnnotationConfigContextLoaderUtils -- Could not detect default configuration classes for test class [com.cmms11.web.FuncControllerTest]: FuncControllerTest does not declare any static, non-private, non-final, nested classes annotated with @Configuration.
09:41:11.741 [Test worker] INFO org.springframework.boot.test.context.SpringBootTestContextBootstrapper -- Found @SpringBootConfiguration com.cmms11.Cmms11Application for test class com.cmms11.web.FuncControllerTest

  .   ____          _            __ _ _
 /\\ / ___'_ __ _ _(_)_ __  __ _ \ \ \ \
( ( )\___ | '_ | '_| | '_ \/ _` | \ \ \ \
 \\/  ___)| |_)| | | | | || (_| |  ) ) ) )
  '  |____| .__|_| |_|_| |_\__, | / / / /
 =========|_|==============|___/=/_/_/_/

 :: Spring Boot ::                (v3.3.4)

2025-09-21T09:41:12.263+09:00  INFO 31528 --- [    Test worker] com.cmms11.web.FuncControllerTest        : Starting FuncControllerTest using Java 21.0.8 with PID 31528 (started by polkn in C:\Users\polkn\codex\cmms11)
2025-09-21T09:41:12.264+09:00  INFO 31528 --- [    Test worker] com.cmms11.web.FuncControllerTest        : The following 1 profile is active: "test"
2025-09-21T09:41:13.198+09:00  INFO 31528 --- [    Test worker] .s.d.r.c.RepositoryConfigurationDelegate : Bootstrapping Spring Data JPA repositories in DEFAULT mode.
2025-09-21T09:41:13.335+09:00  INFO 31528 --- [    Test worker] .s.d.r.c.RepositoryConfigurationDelegate : Finished Spring Data repository scanning in 128 ms. Found 17 JPA repository interfaces.
2025-09-21T09:41:14.584+09:00  INFO 31528 --- [    Test worker] o.hibernate.jpa.internal.util.LogHelper  : HHH000204: Processing PersistenceUnitInfo [name: default]
2025-09-21T09:41:14.839+09:00  INFO 31528 --- [    Test worker] org.hibernate.Version                    : HHH000412: Hibernate ORM core version 6.5.3.Final
2025-09-21T09:41:14.984+09:00  INFO 31528 --- [    Test worker] o.h.c.internal.RegionFactoryInitiator    : HHH000026: Second-level cache disabled
2025-09-21T09:41:15.861+09:00  INFO 31528 --- [    Test worker] o.s.o.j.p.SpringPersistenceUnitInfo      : No LoadTimeWeaver setup: ignoring JPA class transformer
2025-09-21T09:41:15.939+09:00  INFO 31528 --- [    Test worker] com.zaxxer.hikari.HikariDataSource       : HikariPool-1 - Starting...
2025-09-21T09:41:16.426+09:00  INFO 31528 --- [    Test worker] com.zaxxer.hikari.pool.HikariPool        : HikariPool-1 - Added connection conn0: url=jdbc:h2:mem:cmms11 user=SA
2025-09-21T09:41:16.431+09:00  INFO 31528 --- [    Test worker] com.zaxxer.hikari.HikariDataSource       : HikariPool-1 - Start completed.
2025-09-21T09:41:16.477+09:00  WARN 31528 --- [    Test worker] org.hibernate.orm.deprecation            : HHH90000025: H2Dialect does not need to be specified explicitly using 'hibernate.dialect' (remove the property setting and it will be selected by default)
2025-09-21T09:41:19.317+09:00  INFO 31528 --- [    Test worker] o.h.e.t.j.p.i.JtaPlatformInitiator       : HHH000489: No JTA platform available (set 'hibernate.transaction.jta.platform' to enable JTA platform integration)
2025-09-21T09:41:19.443+09:00  INFO 31528 --- [    Test worker] j.LocalContainerEntityManagerFactoryBean : Initialized JPA EntityManagerFactory for persistence unit 'default'
2025-09-21T09:41:20.419+09:00  INFO 31528 --- [    Test worker] o.s.d.j.r.query.QueryEnhancerFactory     : Hibernate is in classpath; If applicable, HQL parser will be used.
2025-09-21T09:41:22.838+09:00  WARN 31528 --- [    Test worker] JpaBaseConfiguration$JpaWebConfiguration : spring.jpa.open-in-view is enabled by default. Therefore, database queries may be performed during view rendering. Explicitly configure spring.jpa.open-in-view to disable this warning
2025-09-21T09:41:22.911+09:00  INFO 31528 --- [    Test worker] r$InitializeUserDetailsManagerConfigurer : Global AuthenticationManager configured with UserDetailsService bean with name memberUserDetailsService
2025-09-21T09:41:25.156+09:00  INFO 31528 --- [    Test worker] o.s.b.t.m.w.SpringBootMockServletContext : Initializing Spring TestDispatcherServlet ''
2025-09-21T09:41:25.157+09:00  INFO 31528 --- [    Test worker] o.s.t.web.servlet.TestDispatcherServlet  : Initializing Servlet ''
2025-09-21T09:41:25.159+09:00  INFO 31528 --- [    Test worker] o.s.t.web.servlet.TestDispatcherServlet  : Completed initialization in 2 ms
2025-09-21T09:41:25.231+09:00  INFO 31528 --- [    Test worker] com.cmms11.web.FuncControllerTest        : Started FuncControllerTest in 13.323 seconds (process running for 14.649)
2025-09-21T09:41:27.316+09:00  WARN 31528 --- [    Test worker] ration$PageModule$WarningLoggingModifier : Serializing PageImpl instances as-is is not supported, meaning that there is no guarantee about the stability of the resulting JSON structure!
	For a stable JSON structure, please use Spring Data's PagedModel (globally via @EnableSpringDataWebSupport(pageSerializationMode = VIA_DTO))
	or Spring HATEOAS and Spring Data's PagedResourcesAssembler as documented in https://docs.spring.io/spring-data/commons/reference/repositories/core-extensions.html#core.web.pageables.

2025-09-21T09:41:27.400+09:00  INFO 31528 --- [    Test worker] com.cmms11.config.RequestLoggingFilter   : [REQ] GET /api/domain/funcs status=200 duration=369ms
2025-09-21T09:41:27.593+09:00  INFO 31528 --- [    Test worker] com.cmms11.config.RequestLoggingFilter   : [REQ] GET /api/domain/funcs status=200 duration=42ms
2025-09-21T09:41:27.831+09:00  INFO 31528 --- [    Test worker] com.cmms11.config.RequestLoggingFilter   : [REQ] POST /api/domain/funcs status=201 duration=187ms
2025-09-21T09:41:28.000+09:00  INFO 31528 --- [    Test worker] com.cmms11.config.RequestLoggingFilter   : [REQ] PUT /api/domain/funcs/F0100 status=200 duration=11ms
2025-09-21T09:41:28.026+09:00  INFO 31528 --- [    Test worker] com.cmms11.config.RequestLoggingFilter   : [REQ] DELETE /api/domain/funcs/F0100 status=204 duration=21ms
2025-09-21T09:41:28.073+09:00  INFO 31528 --- [    Test worker] com.cmms11.config.RequestLoggingFilter   : [REQ] GET /domain/func/list.html status=200 duration=24ms
2025-09-21T09:41:28.097+09:00  INFO 31528 --- [    Test worker] com.cmms11.config.RequestLoggingFilter   : [REQ] GET /domain/func/form.html status=200 duration=7ms
]]></system-out>
  <system-err><![CDATA[WARNING: A Java agent has been loaded dynamically (C:\Users\polkn\.gradle\caches\modules-2\files-2.1\net.bytebuddy\byte-buddy-agent\1.14.19\154da3a65b4f4a909d3e5bdec55d1b2b4cbb6ce1\byte-buddy-agent-1.14.19.jar)
WARNING: If a serviceability tool is in use, please run with -XX:+EnableDynamicAgentLoading to hide this warning
WARNING: If a serviceability tool is not in use, please run with -Djdk.instrument.traceUsage for more information
WARNING: Dynamic loading of agents will be disallowed by default in a future release
]]></system-err>
</testsuite>
